{"/Users/datnguyen/WORKPLACE_FREELANCER/remi-test-fe/src/App.tsx": {"path":"/Users/datnguyen/WORKPLACE_FREELANCER/remi-test-fe/src/App.tsx","statementMap":{"0":{"start":{"line":1,"column":0},"end":{"line":1,"column":53}},"1":{"start":{"line":2,"column":0},"end":{"line":2,"column":48}},"2":{"start":{"line":5,"column":30},"end":{"line":5,"column":44}},"3":{"start":{"line":6,"column":2},"end":{"line":14,"column":4}},"4":{"start":{"line":11,"column":31},"end":{"line":11,"column":42}},"5":{"start":{"line":17,"column":0},"end":{"line":17,"column":19}}},"fnMap":{"0":{"name":"App","decl":{"start":{"line":4,"column":9},"end":{"line":4,"column":12}},"loc":{"start":{"line":4,"column":12},"end":{"line":15,"column":1}}},"1":{"name":"(anonymous_1)","decl":{"start":{"line":11,"column":25},"end":{"line":11,"column":28}},"loc":{"start":{"line":11,"column":31},"end":{"line":11,"column":42}}}},"branchMap":{},"s":{"0":1,"1":1,"2":1,"3":1,"4":0,"5":1},"f":{"0":1,"1":0},"b":{}}
,"/Users/datnguyen/WORKPLACE_FREELANCER/remi-test-fe/src/components/ui/button.tsx": {"path":"/Users/datnguyen/WORKPLACE_FREELANCER/remi-test-fe/src/components/ui/button.tsx","statementMap":{"0":{"start":{"line":1,"column":0},"end":{"line":1,"column":30}},"1":{"start":{"line":2,"column":0},"end":{"line":2,"column":43}},"2":{"start":{"line":3,"column":0},"end":{"line":3,"column":65}},"3":{"start":{"line":5,"column":0},"end":{"line":5,"column":32}},"4":{"start":{"line":7,"column":23},"end":{"line":33,"column":null}},"5":{"start":{"line":56,"column":17},"end":{"line":56,"column":31}},"6":{"start":{"line":42,"column":15},"end":{"line":52,"column":null}},"7":{"start":{"line":44,"column":17},"end":{"line":44,"column":42}},"8":{"start":{"line":45,"column":4},"end":{"line":51,"column":null}},"9":{"start":{"line":56,"column":9},"end":{"line":56,"column":15}},"10":{"start":{"line":54,"column":0},"end":{"line":54,"column":null}}},"fnMap":{"0":{"name":"(anonymous_0)","decl":{"start":{"line":43,"column":2},"end":{"line":43,"column":3}},"loc":{"start":{"line":43,"column":67},"end":{"line":52,"column":3}}}},"branchMap":{"0":{"loc":{"start":{"line":43,"column":31},"end":{"line":43,"column":46}},"type":"default-arg","locations":[{"start":{"line":43,"column":41},"end":{"line":43,"column":46}}]},"1":{"loc":{"start":{"line":44,"column":17},"end":{"line":44,"column":42}},"type":"cond-expr","locations":[{"start":{"line":44,"column":27},"end":{"line":44,"column":31}},{"start":{"line":44,"column":34},"end":{"line":44,"column":42}}]}},"s":{"0":1,"1":1,"2":1,"3":1,"4":1,"5":1,"6":1,"7":1,"8":1,"9":1,"10":1},"f":{"0":1},"b":{"0":[1],"1":[0,1]}}
,"/Users/datnguyen/WORKPLACE_FREELANCER/remi-test-fe/src/lib/utils.ts": {"path":"/Users/datnguyen/WORKPLACE_FREELANCER/remi-test-fe/src/lib/utils.ts","statementMap":{"0":{"start":{"line":1,"column":0},"end":{"line":1,"column":44}},"1":{"start":{"line":2,"column":0},"end":{"line":2,"column":40}},"2":{"start":{"line":5,"column":2},"end":{"line":5,"column":null}},"3":{"start":{"line":4,"column":0},"end":{"line":4,"column":16}}},"fnMap":{"0":{"name":"cn","decl":{"start":{"line":4,"column":16},"end":{"line":4,"column":18}},"loc":{"start":{"line":4,"column":42},"end":{"line":6,"column":1}}}},"branchMap":{},"s":{"0":1,"1":1,"2":1,"3":1},"f":{"0":1},"b":{}}
,"/Users/datnguyen/WORKPLACE_FREELANCER/remi-test-fe/src/stores/useBearStore.ts": {"path":"/Users/datnguyen/WORKPLACE_FREELANCER/remi-test-fe/src/stores/useBearStore.ts","statementMap":{"0":{"start":{"line":1,"column":0},"end":{"line":1,"column":33}},"1":{"start":{"line":2,"column":0},"end":{"line":2,"column":55}},"2":{"start":{"line":9,"column":21},"end":{"line":20,"column":null}},"3":{"start":{"line":12,"column":16},"end":{"line":15,"column":8}},"4":{"start":{"line":14,"column":26},"end":{"line":14,"column":71}},"5":{"start":{"line":14,"column":42},"end":{"line":14,"column":69}},"6":{"start":{"line":22,"column":9},"end":{"line":22,"column":21}}},"fnMap":{"0":{"name":"(anonymous_0)","decl":{"start":{"line":12,"column":6},"end":{"line":12,"column":7}},"loc":{"start":{"line":12,"column":16},"end":{"line":15,"column":8}}},"1":{"name":"(anonymous_1)","decl":{"start":{"line":14,"column":18},"end":{"line":14,"column":19}},"loc":{"start":{"line":14,"column":26},"end":{"line":14,"column":71}}},"2":{"name":"(anonymous_2)","decl":{"start":{"line":14,"column":30},"end":{"line":14,"column":31}},"loc":{"start":{"line":14,"column":42},"end":{"line":14,"column":69}}}},"branchMap":{},"s":{"0":1,"1":1,"2":1,"3":1,"4":0,"5":0,"6":1},"f":{"0":1,"1":0,"2":0},"b":{}}
}
