TN:
SF:src/App.tsx
FN:4,App
FN:11,(anonymous_1)
FNF:2
FNH:1
FNDA:1,App
FNDA:0,(anonymous_1)
DA:1,1
DA:2,1
DA:5,1
DA:6,1
DA:11,0
DA:17,1
LF:6
LH:5
BRF:0
BRH:0
end_of_record
TN:
SF:src/components/ui/button.tsx
FN:43,(anonymous_0)
FNF:1
FNH:1
FNDA:1,(anonymous_0)
DA:1,1
DA:2,1
DA:3,1
DA:5,1
DA:7,1
DA:42,1
DA:44,1
DA:45,1
DA:54,1
DA:56,1
LF:10
LH:10
BRDA:43,0,0,1
BRDA:44,1,0,0
BRDA:44,1,1,1
BRF:3
BRH:2
end_of_record
TN:
SF:src/lib/utils.ts
FN:4,cn
FNF:1
FNH:1
FNDA:1,cn
DA:1,1
DA:2,1
DA:4,1
DA:5,1
LF:4
LH:4
BRF:0
BRH:0
end_of_record
TN:
SF:src/stores/useBearStore.ts
FN:12,(anonymous_0)
FN:14,(anonymous_1)
FN:14,(anonymous_2)
FNF:3
FNH:1
FNDA:1,(anonymous_0)
FNDA:0,(anonymous_1)
FNDA:0,(anonymous_2)
DA:1,1
DA:2,1
DA:9,1
DA:12,1
DA:14,0
DA:22,1
LF:6
LH:5
BRF:0
BRH:0
end_of_record
